<component name="libraryTable">
  <library name="junit-4">
    <CLASSES>
      <root url="file://$USER_HOME$/Documents/junit-4.12" />
    </CLASSES>
    <JAVADOC />
    <SOURCES />
    <jarDirectory url="file://$USER_HOME$/Documents/junit-4.12" recursive="false" />
  </library>
</component>